<?xml version="1.0" encoding="UTF-8"?>
<testng-results skipped="0" failed="0" ignored="0" total="1" passed="1">
  <reporter-output>
  </reporter-output>
  <suite name="Default suite" duration-ms="22718" started-at="2019-11-20T06:39:46Z" finished-at="2019-11-20T06:40:09Z">
    <groups>
    </groups>
    <test name="Default test" duration-ms="22718" started-at="2019-11-20T06:39:46Z" finished-at="2019-11-20T06:40:09Z">
      <class name="pom1.NewTest121">
        <test-method status="PASS" signature="f()[pri:0, instance:pom1.NewTest121@3532ec19]" name="f" duration-ms="22631" started-at="2019-11-20T06:39:46Z" finished-at="2019-11-20T06:40:09Z">
          <reporter-output>
          </reporter-output>
        </test-method> <!-- f -->
      </class> <!-- pom1.NewTest121 -->
    </test> <!-- Default test -->
  </suite> <!-- Default suite -->
</testng-results>
